--------------------------------------------------------------------------------
Release 14.7 Trace  (nt64)
Copyright (c) 1995-2013 Xilinx, Inc.  All rights reserved.

D:\SDK\Xilinx\14.7\ISE_DS\ISE\bin\nt64\unwrapped\trce.exe -intstyle ise -v 3 -s
3 -n 3 -fastpaths -xml inputadderdecoder.twx inputadderdecoder.ncd -o
inputadderdecoder.twr inputadderdecoder.pcf

Design file:              inputadderdecoder.ncd
Physical constraint file: inputadderdecoder.pcf
Device,package,speed:     xc7a100t,csg324,C,-3 (PRODUCTION 1.10 2013-10-13)
Report level:             verbose report

Environment Variable      Effect 
--------------------      ------ 
NONE                      No environment variables were set
--------------------------------------------------------------------------------

INFO:Timing:2698 - No timing constraints found, doing default enumeration.
INFO:Timing:3412 - To improve timing, see the Timing Closure User Guide (UG612).
INFO:Timing:2752 - To get complete path coverage, use the unconstrained paths 
   option. All paths that are not constrained will be reported in the 
   unconstrained paths section(s) of the report.
INFO:Timing:3339 - The clock-to-out numbers in this timing report are based on 
   a 50 Ohm transmission line loading model.  For the details of this model, 
   and for more information on accounting for different loading conditions, 
   please see the device datasheet.



Data Sheet report:
-----------------
All values displayed in nanoseconds (ns)

Pad to Pad
---------------+---------------+---------+
Source Pad     |Destination Pad|  Delay  |
---------------+---------------+---------+
input1<0>      |display<0>     |    5.273|
input1<0>      |display<1>     |    5.597|
input1<0>      |display<2>     |    5.212|
input1<1>      |display<1>     |    5.651|
input1<1>      |display<2>     |    5.465|
input1<2>      |display<2>     |    5.552|
input2<0>      |display<0>     |    5.434|
input2<0>      |display<1>     |    5.742|
input2<0>      |display<2>     |    5.567|
input2<1>      |display<1>     |    5.337|
input2<1>      |display<2>     |    5.154|
input2<2>      |display<2>     |    5.381|
---------------+---------------+---------+


Analysis completed Tue Apr 15 18:42:16 2014 
--------------------------------------------------------------------------------

Trace Settings:
-------------------------
Trace Settings 

Peak Memory Usage: 609 MB



