ISim log file
Running: C:\Users\Dope\Desktop\Computer Science\SER\tschampa_project3\project3test_isim_beh.exe -intstyle ise -gui -tclbatch isim.cmd -wdb C:/Users/Dope/Desktop/Computer Science/SER/tschampa_project3/project3test_isim_beh.wdb 
ISim P.20131013 (signature 0x7708f090)
----------------------------------------------------------------------
INFO:Security:61 - The XILINXD_LICENSE_FILE environment variable is not set.
INFO:Security:63 - The LM_LICENSE_FILE environment variable is not set.
INFO:Security:68 - For more information or for assistance in obtaining 
 a license, please run the Xilinx License Configuration Manager
       (xlcm or "Manage Xilinx Licenses".)
INFO:Security:68a - user is Dope, on host DOPE-PC.
ERROR:Security:13 - A feature for ISIM was found but is expired.
ERROR:Security:14 - No feature was available for 'ISIM'.

Feature has expired.
Feature:       ISIM
Expire date:   15-apr-2014
License path:  C:/.Xilinx\trial.lic;D:\SDK\Xilinx\14.7\ISE_DS\ISE\/coregen/core_licenses\Xilinx.lic;D:\SDK\Xilinx\14.7\ISE_DS\ISE\/coregen/core_licenses\XilinxFree.lic;D:\SDK\Xilinx\14.7\ISE_DS\EDK/data/core_licenses\Xilinx.lic;
FLEXnet Licensing error:-10,32
For further information, refer to the FLEXnet Licensing documentation,
available at "www.flexerasoftware.com".
----------------------------------------------------------------------
WARNING: A full ISim License cannot be checked out due to the issues listed above. Please use Xilinx License Configuration Manager to fix these issues in order to check out a full ISim license.
WARNING: ISim will run in Lite mode. Please refer to the ISim documentation for more information on the differences between the Lite and the Full version.
This is a Lite version of ISim.
Time resolution is 1 ps
# onerror resume
# wave add /
# run 1000 ns
Simulator is doing circuit initialization process.
Finished circuit initialization process.
counter=xxxx,reset=0,load=0,data=0000,clk=0
counter=1011,reset=0,load=0,data=1011,clk=0
counter=0000,reset=1,load=0,data=0000,clk=0
counter=0001,reset=0,load=0,data=0000,clk=1
counter=0001,reset=0,load=1,data=0000,clk=1
counter=0000,reset=1,load=0,data=0000,clk=0
counter=1000,reset=0,load=0,data=0111,clk=1
counter=1000,reset=0,load=1,data=0000,clk=1
counter=1001,reset=0,load=0,data=0000,clk=1
